[debug] [2019-06-30T21:13:00.825Z] ----------------------------------------------------------------------
[debug] [2019-06-30T21:13:00.827Z] Command:       /Users/Kou/.nodebrew/node/v9.3.0/bin/node /Users/Kou/.nodebrew/current/bin/firebase serve --only functions
[debug] [2019-06-30T21:13:00.827Z] CLI Version:   5.1.1
[debug] [2019-06-30T21:13:00.827Z] Platform:      darwin
[debug] [2019-06-30T21:13:00.827Z] Node Version:  v9.3.0
[debug] [2019-06-30T21:13:00.827Z] Time:          Mon Jul 01 2019 06:13:00 GMT+0900 (JST)
[debug] [2019-06-30T21:13:00.828Z] ----------------------------------------------------------------------
[debug] 
[debug] [2019-06-30T21:13:00.836Z] > command requires scopes: ["email","openid","https://www.googleapis.com/auth/cloudplatformprojects.readonly","https://www.googleapis.com/auth/firebase","https://www.googleapis.com/auth/cloud-platform"]
[debug] [2019-06-30T21:13:00.836Z] > authorizing via signed-in user
[debug] [2019-06-30T21:13:00.836Z] [iam] checking project joseph-alike for permissions ["firebase.projects.get"]
[debug] [2019-06-30T21:13:00.838Z] >>> HTTP REQUEST POST https://cloudresourcemanager.googleapis.com/v1/projects/joseph-alike:testIamPermissions  

[debug] [2019-06-30T21:13:01.592Z] <<< HTTP RESPONSE 200
[debug] [2019-06-30T21:13:01.593Z] >>> HTTP REQUEST GET https://cloudresourcemanager.googleapis.com/v1/projects/joseph-alike  
 
[debug] [2019-06-30T21:13:02.320Z] <<< HTTP RESPONSE 200
[info] 
[info] === Serving from '/Users/Kou/projects/vue-projects/joseph'...
[info] 
[info] i  functions: Preparing to emulate functions.
[debug] [2019-06-30T21:13:02.735Z] Fetching environment
[debug] [2019-06-30T21:13:02.736Z] >>> HTTP REQUEST GET https://mobilesdk-pa.googleapis.com/v1/projects/450074324465:getServerAppConfig  
 
[debug] [2019-06-30T21:13:03.445Z] <<< HTTP RESPONSE 200
[debug] [2019-06-30T21:13:03.445Z] Starting @google-cloud/functions-emulator
[debug] [2019-06-30T21:13:05.003Z] Parsing function triggers
[info] ✔  functions: pushGroupIdToUsers: http://localhost:5000/joseph-alike/us-central1/pushGroupIdToUsers
